0 info it worked if it ends with ok
1 verbose cli [ 'C:\\Program Files\\nodejs\\node.exe',
1 verbose cli   'C:\\Program Files\\nodejs\\node_modules\\npm\\bin\\npm-cli.js',
1 verbose cli   'install',
1 verbose cli   'lodash.nest' ]
2 info using npm@2.14.4
3 info using node@v4.1.1
4 verbose install initial load of C:\dev\space.services\package.json
5 verbose installManyTop reading scoped package data from C:\dev\space.services\node_modules\async\package.json
6 verbose installManyTop reading scoped package data from C:\dev\space.services\node_modules\config\package.json
7 verbose installManyTop reading scoped package data from C:\dev\space.services\node_modules\debug\package.json
8 verbose installManyTop reading scoped package data from C:\dev\space.services\node_modules\forever\package.json
9 verbose installManyTop reading scoped package data from C:\dev\space.services\node_modules\jsondiffpatch\package.json
10 verbose installManyTop reading scoped package data from C:\dev\space.services\node_modules\lodash\package.json
11 verbose installManyTop reading scoped package data from C:\dev\space.services\node_modules\moment\package.json
12 verbose installManyTop reading scoped package data from C:\dev\space.services\node_modules\moment-duration-format\package.json
13 verbose installManyTop reading scoped package data from C:\dev\space.services\node_modules\mongodb\package.json
14 verbose installManyTop reading scoped package data from C:\dev\space.services\node_modules\mongojs\package.json
15 verbose installManyTop reading scoped package data from C:\dev\space.services\node_modules\node-fetch\package.json
16 verbose installManyTop reading scoped package data from C:\dev\space.services\node_modules\node-rest-client\package.json
17 verbose installManyTop reading scoped package data from C:\dev\space.services\node_modules\node-schedule\package.json
18 verbose installManyTop reading scoped package data from C:\dev\space.services\node_modules\npmlog\package.json
19 verbose installManyTop reading scoped package data from C:\dev\space.services\node_modules\socket.io\package.json
20 verbose installManyTop reading scoped package data from C:\dev\space.services\node_modules\space.services\package.json
21 verbose installManyTop reading scoped package data from C:\dev\space.services\node_modules\underscore\package.json
22 verbose installManyTop reading scoped package data from C:\dev\space.services\node_modules\underscore.nest\package.json
23 verbose installManyTop reading scoped package data from C:\dev\space.services\node_modules\winston\package.json
24 info package.json mongojs@0.18.2 No license field.
25 info package.json node-rest-client@1.5.1 No license field.
26 info package.json node-schedule@0.1.16 No license field.
27 info package.json socket.io@1.3.7 No license field.
28 info package.json underscore.nest@0.1.1 No license field.
29 info package.json winston@0.9.0 No license field.
30 verbose readDependencies loading dependencies from C:\dev\space.services\package.json
31 silly cache add args [ 'lodash.nest', null ]
32 verbose cache add spec lodash.nest
33 silly cache add parsed spec Result {
33 silly cache add   raw: 'lodash.nest',
33 silly cache add   scope: null,
33 silly cache add   name: 'lodash.nest',
33 silly cache add   rawSpec: '',
33 silly cache add   spec: '*',
33 silly cache add   type: 'range' }
34 silly addNamed lodash.nest@*
35 verbose addNamed "*" is a valid semver range for lodash.nest
36 silly addNameRange { name: 'lodash.nest', range: '*', hasData: false }
37 silly mapToRegistry name lodash.nest
38 silly mapToRegistry using default registry
39 silly mapToRegistry registry https://registry.npmjs.org/
40 silly mapToRegistry uri https://registry.npmjs.org/lodash.nest
41 verbose addNameRange registry:https://registry.npmjs.org/lodash.nest not in flight; fetching
42 verbose request uri https://registry.npmjs.org/lodash.nest
43 verbose request no auth needed
44 info attempt registry request try #1 at 18:30:11
45 verbose request using bearer token for auth
46 verbose request id ba518cd8a13741bb
47 http request GET https://registry.npmjs.org/lodash.nest
48 http 404 https://registry.npmjs.org/lodash.nest
49 verbose headers { 'content-type': 'application/json',
49 verbose headers   'cache-control': 'max-age=0',
49 verbose headers   'content-length': '2',
49 verbose headers   'accept-ranges': 'bytes',
49 verbose headers   date: 'Tue, 06 Oct 2015 16:30:11 GMT',
49 verbose headers   via: '1.1 varnish',
49 verbose headers   connection: 'keep-alive',
49 verbose headers   'x-served-by': 'cache-fra1228-FRA',
49 verbose headers   'x-cache': 'MISS',
49 verbose headers   'x-cache-hits': '0',
49 verbose headers   'x-timer': 'S1444149011.172420,VS0,VE215' }
50 silly get cb [ 404,
50 silly get   { 'content-type': 'application/json',
50 silly get     'cache-control': 'max-age=0',
50 silly get     'content-length': '2',
50 silly get     'accept-ranges': 'bytes',
50 silly get     date: 'Tue, 06 Oct 2015 16:30:11 GMT',
50 silly get     via: '1.1 varnish',
50 silly get     connection: 'keep-alive',
50 silly get     'x-served-by': 'cache-fra1228-FRA',
50 silly get     'x-cache': 'MISS',
50 silly get     'x-cache-hits': '0',
50 silly get     'x-timer': 'S1444149011.172420,VS0,VE215' } ]
51 verbose stack Error: Registry returned 404 for GET on https://registry.npmjs.org/lodash.nest
51 verbose stack     at makeError (C:\Program Files\nodejs\node_modules\npm\node_modules\npm-registry-client\lib\request.js:263:12)
51 verbose stack     at CachingRegistryClient.<anonymous> (C:\Program Files\nodejs\node_modules\npm\node_modules\npm-registry-client\lib\request.js:241:14)
51 verbose stack     at Request._callback (C:\Program Files\nodejs\node_modules\npm\node_modules\npm-registry-client\lib\request.js:171:14)
51 verbose stack     at Request.self.callback (C:\Program Files\nodejs\node_modules\npm\node_modules\request\request.js:198:22)
51 verbose stack     at emitTwo (events.js:87:13)
51 verbose stack     at Request.emit (events.js:172:7)
51 verbose stack     at Request.<anonymous> (C:\Program Files\nodejs\node_modules\npm\node_modules\request\request.js:1073:14)
51 verbose stack     at emitOne (events.js:82:20)
51 verbose stack     at Request.emit (events.js:169:7)
51 verbose stack     at IncomingMessage.<anonymous> (C:\Program Files\nodejs\node_modules\npm\node_modules\request\request.js:1019:12)
52 verbose statusCode 404
53 verbose pkgid lodash.nest
54 verbose cwd C:\dev\space.services
55 error Windows_NT 6.1.7601
56 error argv "C:\\Program Files\\nodejs\\node.exe" "C:\\Program Files\\nodejs\\node_modules\\npm\\bin\\npm-cli.js" "install" "lodash.nest"
57 error node v4.1.1
58 error npm  v2.14.4
59 error code E404
60 error 404 Registry returned 404 for GET on https://registry.npmjs.org/lodash.nest
60 error 404
60 error 404 'lodash.nest' is not in the npm registry.
60 error 404 You should bug the author to publish it (or use the name yourself!)
60 error 404 It was specified as a dependency of 'space.services'
60 error 404
60 error 404 Note that you can also install from a
60 error 404 tarball, folder, http url, or git url.
61 verbose exit [ 1, true ]
